#
# There is insufficient memory for the Java Runtime Environment to continue.
# Native memory allocation (malloc) failed to allocate 32744 bytes for ChunkPool::allocate
# Possible reasons:
#   The system is out of physical RAM or swap space
#   The process is running with CompressedOops enabled, and the Java Heap may be blocking the growth of the native heap
# Possible solutions:
#   Reduce memory load on the system
#   Increase physical memory or swap space
#   Check if swap backing store is full
#   Decrease Java heap size (-Xmx/-Xms)
#   Decrease number of Java threads
#   Decrease Java thread stack sizes (-Xss)
#   Set larger code cache with -XX:ReservedCodeCacheSize=
#   JVM is running with Unscaled Compressed Oops mode in which the Java heap is
#     placed in the first 4GB address space. The Java Heap base address is the
#     maximum limit for the native heap growth. Please use -XX:HeapBaseMinAddress
#     to set the Java Heap base and to place the Java Heap above 4GB virtual address.
# This output file may be truncated or incomplete.
#
#  Out of Memory Error (./open/src/hotspot/share/memory/arena.cpp:79), pid=23828, tid=29528
#
# JRE version: Java(TM) SE Runtime Environment (14.0.2+12) (build 14.0.2+12-46)
# Java VM: Java HotSpot(TM) 64-Bit Server VM (14.0.2+12-46, mixed mode, sharing, tiered, compressed oops, g1 gc, windows-amd64)
# No core dump will be written. Minidumps are not enabled by default on client versions of Windows
#

---------------  S U M M A R Y ------------

Command Line: -Dfile.encoding=Cp1252 ASimulatorSystem.Withdrawl

Host: Intel(R) Core(TM) i5-9300H CPU @ 2.40GHz, 8 cores, 7G,  Windows 10 , 64 bit Build 19041 (10.0.19041.662)
Time: Sun Jan 10 13:03:01 2021 India Standard Time elapsed time: 31 seconds (0d 0h 0m 31s)

---------------  T H R E A D  ---------------

Current thread (0x000001bf6f1d2800):  JavaThread "C1 CompilerThread0" daemon [_thread_in_native, id=29528, stack(0x0000004760700000,0x0000004760800000)]


Current CompileTask:
C1:  31809 1143   !   3      
[error occurred during error reporting (printing current compile task), id 0xe0000001, Out of Memory Error (./open/src/hotspot/share/memory/arena.cpp:79)]

Stack: [0x0000004760700000,0x0000004760800000]
Native frames: (J=compiled Java code, j=interpreted, Vv=VM code, C=native code)
V  [jvm.dll+0x5f8a9a]
V  [jvm.dll+0x74247a]
V  [jvm.dll+0x743c2f]
V  [jvm.dll+0x744273]
V  [jvm.dll+0x20d288]
V  [jvm.dll+0xabea6]
V  [jvm.dll+0xac1fc]
V  [jvm.dll+0x6bf40f]
V  [jvm.dll+0x6bf4f9]
V  [jvm.dll+0x4d1ba2]
V  [jvm.dll+0x5b08f9]
V  [jvm.dll+0x1f838f]
V  [jvm.dll+0x1f8907]
V  [jvm.dll+0x742310]
V  [jvm.dll+0x743c2f]
V  [jvm.dll+0x744273]
V  [jvm.dll+0x20d288]
V  [jvm.dll+0xabea6]
V  [jvm.dll+0xac1fc]
V  [jvm.dll+0xfd9f6]
V  [jvm.dll+0x168a5d]
V  [jvm.dll+0x168720]
V  [jvm.dll+0x167f4c]
V  [jvm.dll+0x12d99b]
V  [jvm.dll+0x1171a0]
V  [jvm.dll+0x117340]
V  [jvm.dll+0x1175ff]
V  [jvm.dll+0x116884]
V  [jvm.dll+0x1187d7]
V  [jvm.dll+0x1f4105]
V  [jvm.dll+0x1f22eb]
V  [jvm.dll+0x7070cd]
V  [jvm.dll+0x6ffeda]
V  [jvm.dll+0x5f78f6]
C  [ucrtbase.dll+0x214c2]
C  [KERNEL32.DLL+0x17034]
C  [ntdll.dll+0x4d0d1]


---------------  P R O C E S S  ---------------

Threads class SMR info:
_java_thread_list=0x000001bf709248f0, length=16, elements={
0x000001bf6f1a2000, 0x000001bf6f1a3000, 0x000001bf6f1c0000, 0x000001bf6f1c3000,
0x000001bf6f1c5000, 0x000001bf6f1c6800, 0x000001bf6f1d2800, 0x000001bf6fb10800,
0x000001bf6fc2e000, 0x000001bf6fc3a800, 0x000001bf6fe73000, 0x000001bf6fe76800,
0x000001bf6fe7e000, 0x000001bf711b9800, 0x000001bf50158800, 0x000001bf70b1b000
}

Java Threads: ( => current thread )
  0x000001bf6f1a2000 JavaThread "Reference Handler" daemon [_thread_blocked, id=29108, stack(0x0000004760100000,0x0000004760200000)]
  0x000001bf6f1a3000 JavaThread "Finalizer" daemon [_thread_blocked, id=4424, stack(0x0000004760200000,0x0000004760300000)]
  0x000001bf6f1c0000 JavaThread "Signal Dispatcher" daemon [_thread_blocked, id=28628, stack(0x0000004760300000,0x0000004760400000)]
  0x000001bf6f1c3000 JavaThread "Attach Listener" daemon [_thread_blocked, id=20584, stack(0x0000004760400000,0x0000004760500000)]
  0x000001bf6f1c5000 JavaThread "Service Thread" daemon [_thread_blocked, id=29184, stack(0x0000004760500000,0x0000004760600000)]
  0x000001bf6f1c6800 JavaThread "C2 CompilerThread0" daemon [_thread_blocked, id=6708, stack(0x0000004760600000,0x0000004760700000)]
=>0x000001bf6f1d2800 JavaThread "C1 CompilerThread0" daemon [_thread_in_native, id=29528, stack(0x0000004760700000,0x0000004760800000)]
  0x000001bf6fb10800 JavaThread "Sweeper thread" daemon [_thread_blocked, id=14664, stack(0x0000004760800000,0x0000004760900000)]
  0x000001bf6fc2e000 JavaThread "Notification Thread" daemon [_thread_blocked, id=29256, stack(0x0000004760900000,0x0000004760a00000)]
  0x000001bf6fc3a800 JavaThread "Common-Cleaner" daemon [_thread_blocked, id=27428, stack(0x0000004760b00000,0x0000004760c00000)]
  0x000001bf6fe73000 JavaThread "Java2D Disposer" daemon [_thread_blocked, id=22300, stack(0x0000004760c00000,0x0000004760d00000)]
  0x000001bf6fe76800 JavaThread "AWT-Shutdown" [_thread_blocked, id=24252, stack(0x0000004760d00000,0x0000004760e00000)]
  0x000001bf6fe7e000 JavaThread "AWT-Windows" daemon [_thread_in_native, id=27924, stack(0x0000004760e00000,0x0000004760f00000)]
  0x000001bf711b9800 JavaThread "AWT-EventQueue-0" [_thread_blocked, id=25488, stack(0x0000004761000000,0x0000004761100000)]
  0x000001bf50158800 JavaThread "DestroyJavaVM" [_thread_blocked, id=27200, stack(0x000000475fa00000,0x000000475fb00000)]
  0x000001bf70b1b000 JavaThread "TimerQueue" daemon [_thread_blocked, id=23160, stack(0x0000004761400000,0x0000004761500000)]

Other Threads:
  0x000001bf6f19f000 VMThread "VM Thread" [stack: 0x0000004760000000,0x0000004760100000] [id=25960]
  0x000001bf6fc39000 WatcherThread [stack: 0x0000004760a00000,0x0000004760b00000] [id=29064]
  0x000001bf5019b800 GCTaskThread "GC Thread#0" [stack: 0x000000475fb00000,0x000000475fc00000] [id=10600]
  0x000001bf501ac800 ConcurrentGCThread "G1 Main Marker" [stack: 0x000000475fc00000,0x000000475fd00000] [id=27488]
  0x000001bf501b1000 ConcurrentGCThread "G1 Conc#0" [stack: 0x000000475fd00000,0x000000475fe00000] [id=10460]
  0x000001bf5023e000 ConcurrentGCThread "G1 Refine#0" [stack: 0x000000475fe00000,0x000000475ff00000] [id=10700]
  0x000001bf6f017800 ConcurrentGCThread "G1 Young RemSet Sampling" [stack: 0x000000475ff00000,0x0000004760000000] [id=28456]

Threads with active compile tasks:
C1 CompilerThread0    31891 1143   !   3       java.awt.DefaultKeyboardFocusManager::dispatchEvent (1621 bytes)

VM state:not at safepoint (normal execution)

VM Mutex/Monitor currently owned by a thread: None

Heap address: 0x0000000081c00000, size: 2020 MB, Compressed Oops mode: 32-bit
Narrow klass base: 0x0000000800000000, Narrow klass shift: 3
Compressed class space size: 1073741824 Address: 0x0000000800b30000

Heap:
 garbage-first heap   total 131072K, used 17408K [0x0000000081c00000, 0x0000000100000000)
  region size 1024K, 15 young (15360K), 0 survivors (0K)
 Metaspace       used 8321K, capacity 8526K, committed 8832K, reserved 1056768K
  class space    used 934K, capacity 1062K, committed 1152K, reserved 1048576K
Heap Regions: E=young(eden), S=young(survivor), O=old, HS=humongous(starts), HC=humongous(continues), CS=collection set, F=free, OA=open archive, CA=closed archive, TAMS=top-at-mark-start (previous, next)
|   0|0x0000000081c00000, 0x0000000081d00000, 0x0000000081d00000|100%|HS|  |TAMS 0x0000000081c00000, 0x0000000081c00000| Complete 
|   1|0x0000000081d00000, 0x0000000081e00000, 0x0000000081e00000|100%|HC|  |TAMS 0x0000000081d00000, 0x0000000081d00000| Complete 
|   2|0x0000000081e00000, 0x0000000081f00000, 0x0000000081f00000|100%|HC|  |TAMS 0x0000000081e00000, 0x0000000081e00000| Complete 
|   3|0x0000000081f00000, 0x0000000081f00000, 0x0000000082000000|  0%| F|  |TAMS 0x0000000081f00000, 0x0000000081f00000| Untracked 
|   4|0x0000000082000000, 0x0000000082000000, 0x0000000082100000|  0%| F|  |TAMS 0x0000000082000000, 0x0000000082000000| Untracked 
|   5|0x0000000082100000, 0x0000000082100000, 0x0000000082200000|  0%| F|  |TAMS 0x0000000082100000, 0x0000000082100000| Untracked 
|   6|0x0000000082200000, 0x0000000082200000, 0x0000000082300000|  0%| F|  |TAMS 0x0000000082200000, 0x0000000082200000| Untracked 
|   7|0x0000000082300000, 0x0000000082300000, 0x0000000082400000|  0%| F|  |TAMS 0x0000000082300000, 0x0000000082300000| Untracked 
|   8|0x0000000082400000, 0x0000000082400000, 0x0000000082500000|  0%| F|  |TAMS 0x0000000082400000, 0x0000000082400000| Untracked 
|   9|0x0000000082500000, 0x0000000082500000, 0x0000000082600000|  0%| F|  |TAMS 0x0000000082500000, 0x0000000082500000| Untracked 
|  10|0x0000000082600000, 0x0000000082600000, 0x0000000082700000|  0%| F|  |TAMS 0x0000000082600000, 0x0000000082600000| Untracked 
|  11|0x0000000082700000, 0x0000000082700000, 0x0000000082800000|  0%| F|  |TAMS 0x0000000082700000, 0x0000000082700000| Untracked 
|  12|0x0000000082800000, 0x0000000082800000, 0x0000000082900000|  0%| F|  |TAMS 0x0000000082800000, 0x0000000082800000| Untracked 
|  13|0x0000000082900000, 0x0000000082900000, 0x0000000082a00000|  0%| F|  |TAMS 0x0000000082900000, 0x0000000082900000| Untracked 
|  14|0x0000000082a00000, 0x0000000082a00000, 0x0000000082b00000|  0%| F|  |TAMS 0x0000000082a00000, 0x0000000082a00000| Untracked 
|  15|0x0000000082b00000, 0x0000000082b00000, 0x0000000082c00000|  0%| F|  |TAMS 0x0000000082b00000, 0x0000000082b00000| Untracked 
|  16|0x0000000082c00000, 0x0000000082c00000, 0x0000000082d00000|  0%| F|  |TAMS 0x0000000082c00000, 0x0000000082c00000| Untracked 
|  17|0x0000000082d00000, 0x0000000082d00000, 0x0000000082e00000|  0%| F|  |TAMS 0x0000000082d00000, 0x0000000082d00000| Untracked 
|  18|0x0000000082e00000, 0x0000000082e00000, 0x0000000082f00000|  0%| F|  |TAMS 0x0000000082e00000, 0x0000000082e00000| Untracked 
|  19|0x0000000082f00000, 0x0000000082f00000, 0x0000000083000000|  0%| F|  |TAMS 0x0000000082f00000, 0x0000000082f00000| Untracked 
|  20|0x0000000083000000, 0x0000000083000000, 0x0000000083100000|  0%| F|  |TAMS 0x0000000083000000, 0x0000000083000000| Untracked 
|  21|0x0000000083100000, 0x0000000083100000, 0x0000000083200000|  0%| F|  |TAMS 0x0000000083100000, 0x0000000083100000| Untracked 
|  22|0x0000000083200000, 0x0000000083200000, 0x0000000083300000|  0%| F|  |TAMS 0x0000000083200000, 0x0000000083200000| Untracked 
|  23|0x0000000083300000, 0x0000000083300000, 0x0000000083400000|  0%| F|  |TAMS 0x0000000083300000, 0x0000000083300000| Untracked 
|  24|0x0000000083400000, 0x0000000083400000, 0x0000000083500000|  0%| F|  |TAMS 0x0000000083400000, 0x0000000083400000| Untracked 
|  25|0x0000000083500000, 0x0000000083500000, 0x0000000083600000|  0%| F|  |TAMS 0x0000000083500000, 0x0000000083500000| Untracked 
|  26|0x0000000083600000, 0x0000000083600000, 0x0000000083700000|  0%| F|  |TAMS 0x0000000083600000, 0x0000000083600000| Untracked 
|  27|0x0000000083700000, 0x0000000083700000, 0x0000000083800000|  0%| F|  |TAMS 0x0000000083700000, 0x0000000083700000| Untracked 
|  28|0x0000000083800000, 0x0000000083800000, 0x0000000083900000|  0%| F|  |TAMS 0x0000000083800000, 0x0000000083800000| Untracked 
|  29|0x0000000083900000, 0x0000000083900000, 0x0000000083a00000|  0%| F|  |TAMS 0x0000000083900000, 0x0000000083900000| Untracked 
|  30|0x0000000083a00000, 0x0000000083a00000, 0x0000000083b00000|  0%| F|  |TAMS 0x0000000083a00000, 0x0000000083a00000| Untracked 
|  31|0x0000000083b00000, 0x0000000083b00000, 0x0000000083c00000|  0%| F|  |TAMS 0x0000000083b00000, 0x0000000083b00000| Untracked 
|  32|0x0000000083c00000, 0x0000000083c00000, 0x0000000083d00000|  0%| F|  |TAMS 0x0000000083c00000, 0x0000000083c00000| Untracked 
|  33|0x0000000083d00000, 0x0000000083d00000, 0x0000000083e00000|  0%| F|  |TAMS 0x0000000083d00000, 0x0000000083d00000| Untracked 
|  34|0x0000000083e00000, 0x0000000083e00000, 0x0000000083f00000|  0%| F|  |TAMS 0x0000000083e00000, 0x0000000083e00000| Untracked 
|  35|0x0000000083f00000, 0x0000000083f00000, 0x0000000084000000|  0%| F|  |TAMS 0x0000000083f00000, 0x0000000083f00000| Untracked 
|  36|0x0000000084000000, 0x0000000084000000, 0x0000000084100000|  0%| F|  |TAMS 0x0000000084000000, 0x0000000084000000| Untracked 
|  37|0x0000000084100000, 0x0000000084100000, 0x0000000084200000|  0%| F|  |TAMS 0x0000000084100000, 0x0000000084100000| Untracked 
|  38|0x0000000084200000, 0x0000000084200000, 0x0000000084300000|  0%| F|  |TAMS 0x0000000084200000, 0x0000000084200000| Untracked 
|  39|0x0000000084300000, 0x0000000084300000, 0x0000000084400000|  0%| F|  |TAMS 0x0000000084300000, 0x0000000084300000| Untracked 
|  40|0x0000000084400000, 0x0000000084400000, 0x0000000084500000|  0%| F|  |TAMS 0x0000000084400000, 0x0000000084400000| Untracked 
|  41|0x0000000084500000, 0x0000000084500000, 0x0000000084600000|  0%| F|  |TAMS 0x0000000084500000, 0x0000000084500000| Untracked 
|  42|0x0000000084600000, 0x0000000084600000, 0x0000000084700000|  0%| F|  |TAMS 0x0000000084600000, 0x0000000084600000| Untracked 
|  43|0x0000000084700000, 0x0000000084700000, 0x0000000084800000|  0%| F|  |TAMS 0x0000000084700000, 0x0000000084700000| Untracked 
|  44|0x0000000084800000, 0x0000000084800000, 0x0000000084900000|  0%| F|  |TAMS 0x0000000084800000, 0x0000000084800000| Untracked 
|  45|0x0000000084900000, 0x0000000084900000, 0x0000000084a00000|  0%| F|  |TAMS 0x0000000084900000, 0x0000000084900000| Untracked 
|  46|0x0000000084a00000, 0x0000000084a00000, 0x0000000084b00000|  0%| F|  |TAMS 0x0000000084a00000, 0x0000000084a00000| Untracked 
|  47|0x0000000084b00000, 0x0000000084b00000, 0x0000000084c00000|  0%| F|  |TAMS 0x0000000084b00000, 0x0000000084b00000| Untracked 
|  48|0x0000000084c00000, 0x0000000084c00000, 0x0000000084d00000|  0%| F|  |TAMS 0x0000000084c00000, 0x0000000084c00000| Untracked 
|  49|0x0000000084d00000, 0x0000000084d00000, 0x0000000084e00000|  0%| F|  |TAMS 0x0000000084d00000, 0x0000000084d00000| Untracked 
|  50|0x0000000084e00000, 0x0000000084e00000, 0x0000000084f00000|  0%| F|  |TAMS 0x0000000084e00000, 0x0000000084e00000| Untracked 
|  51|0x0000000084f00000, 0x0000000084f00000, 0x0000000085000000|  0%| F|  |TAMS 0x0000000084f00000, 0x0000000084f00000| Untracked 
|  52|0x0000000085000000, 0x0000000085000000, 0x0000000085100000|  0%| F|  |TAMS 0x0000000085000000, 0x0000000085000000| Untracked 
|  53|0x0000000085100000, 0x0000000085100000, 0x0000000085200000|  0%| F|  |TAMS 0x0000000085100000, 0x0000000085100000| Untracked 
|  54|0x0000000085200000, 0x0000000085200000, 0x0000000085300000|  0%| F|  |TAMS 0x0000000085200000, 0x0000000085200000| Untracked 
|  55|0x0000000085300000, 0x0000000085300000, 0x0000000085400000|  0%| F|  |TAMS 0x0000000085300000, 0x0000000085300000| Untracked 
|  56|0x0000000085400000, 0x0000000085400000, 0x0000000085500000|  0%| F|  |TAMS 0x0000000085400000, 0x0000000085400000| Untracked 
|  57|0x0000000085500000, 0x0000000085500000, 0x0000000085600000|  0%| F|  |TAMS 0x0000000085500000, 0x0000000085500000| Untracked 
|  58|0x0000000085600000, 0x0000000085600000, 0x0000000085700000|  0%| F|  |TAMS 0x0000000085600000, 0x0000000085600000| Untracked 
|  59|0x0000000085700000, 0x0000000085700000, 0x0000000085800000|  0%| F|  |TAMS 0x0000000085700000, 0x0000000085700000| Untracked 
|  60|0x0000000085800000, 0x0000000085800000, 0x0000000085900000|  0%| F|  |TAMS 0x0000000085800000, 0x0000000085800000| Untracked 
|  61|0x0000000085900000, 0x0000000085900000, 0x0000000085a00000|  0%| F|  |TAMS 0x0000000085900000, 0x0000000085900000| Untracked 
|  62|0x0000000085a00000, 0x0000000085a00000, 0x0000000085b00000|  0%| F|  |TAMS 0x0000000085a00000, 0x0000000085a00000| Untracked 
|  63|0x0000000085b00000, 0x0000000085b00000, 0x0000000085c00000|  0%| F|  |TAMS 0x0000000085b00000, 0x0000000085b00000| Untracked 
|  64|0x0000000085c00000, 0x0000000085c00000, 0x0000000085d00000|  0%| F|  |TAMS 0x0000000085c00000, 0x0000000085c00000| Untracked 
|  65|0x0000000085d00000, 0x0000000085d00000, 0x0000000085e00000|  0%| F|  |TAMS 0x0000000085d00000, 0x0000000085d00000| Untracked 
|  66|0x0000000085e00000, 0x0000000085e00000, 0x0000000085f00000|  0%| F|  |TAMS 0x0000000085e00000, 0x0000000085e00000| Untracked 
|  67|0x0000000085f00000, 0x0000000085f00000, 0x0000000086000000|  0%| F|  |TAMS 0x0000000085f00000, 0x0000000085f00000| Untracked 
|  68|0x0000000086000000, 0x0000000086000000, 0x0000000086100000|  0%| F|  |TAMS 0x0000000086000000, 0x0000000086000000| Untracked 
|  69|0x0000000086100000, 0x0000000086100000, 0x0000000086200000|  0%| F|  |TAMS 0x0000000086100000, 0x0000000086100000| Untracked 
|  70|0x0000000086200000, 0x0000000086200000, 0x0000000086300000|  0%| F|  |TAMS 0x0000000086200000, 0x0000000086200000| Untracked 
|  71|0x0000000086300000, 0x0000000086300000, 0x0000000086400000|  0%| F|  |TAMS 0x0000000086300000, 0x0000000086300000| Untracked 
|  72|0x0000000086400000, 0x0000000086400000, 0x0000000086500000|  0%| F|  |TAMS 0x0000000086400000, 0x0000000086400000| Untracked 
|  73|0x0000000086500000, 0x0000000086500000, 0x0000000086600000|  0%| F|  |TAMS 0x0000000086500000, 0x0000000086500000| Untracked 
|  74|0x0000000086600000, 0x0000000086600000, 0x0000000086700000|  0%| F|  |TAMS 0x0000000086600000, 0x0000000086600000| Untracked 
|  75|0x0000000086700000, 0x0000000086700000, 0x0000000086800000|  0%| F|  |TAMS 0x0000000086700000, 0x0000000086700000| Untracked 
|  76|0x0000000086800000, 0x0000000086800000, 0x0000000086900000|  0%| F|  |TAMS 0x0000000086800000, 0x0000000086800000| Untracked 
|  77|0x0000000086900000, 0x0000000086900000, 0x0000000086a00000|  0%| F|  |TAMS 0x0000000086900000, 0x0000000086900000| Untracked 
|  78|0x0000000086a00000, 0x0000000086a00000, 0x0000000086b00000|  0%| F|  |TAMS 0x0000000086a00000, 0x0000000086a00000| Untracked 
|  79|0x0000000086b00000, 0x0000000086b00000, 0x0000000086c00000|  0%| F|  |TAMS 0x0000000086b00000, 0x0000000086b00000| Untracked 
|  80|0x0000000086c00000, 0x0000000086c00000, 0x0000000086d00000|  0%| F|  |TAMS 0x0000000086c00000, 0x0000000086c00000| Untracked 
|  81|0x0000000086d00000, 0x0000000086d00000, 0x0000000086e00000|  0%| F|  |TAMS 0x0000000086d00000, 0x0000000086d00000| Untracked 
|  82|0x0000000086e00000, 0x0000000086e00000, 0x0000000086f00000|  0%| F|  |TAMS 0x0000000086e00000, 0x0000000086e00000| Untracked 
|  83|0x0000000086f00000, 0x0000000086f00000, 0x0000000087000000|  0%| F|  |TAMS 0x0000000086f00000, 0x0000000086f00000| Untracked 
|  84|0x0000000087000000, 0x0000000087000000, 0x0000000087100000|  0%| F|  |TAMS 0x0000000087000000, 0x0000000087000000| Untracked 
|  85|0x0000000087100000, 0x0000000087100000, 0x0000000087200000|  0%| F|  |TAMS 0x0000000087100000, 0x0000000087100000| Untracked 
|  86|0x0000000087200000, 0x0000000087200000, 0x0000000087300000|  0%| F|  |TAMS 0x0000000087200000, 0x0000000087200000| Untracked 
|  87|0x0000000087300000, 0x0000000087300000, 0x0000000087400000|  0%| F|  |TAMS 0x0000000087300000, 0x0000000087300000| Untracked 
|  88|0x0000000087400000, 0x0000000087400000, 0x0000000087500000|  0%| F|  |TAMS 0x0000000087400000, 0x0000000087400000| Untracked 
|  89|0x0000000087500000, 0x0000000087500000, 0x0000000087600000|  0%| F|  |TAMS 0x0000000087500000, 0x0000000087500000| Untracked 
|  90|0x0000000087600000, 0x0000000087600000, 0x0000000087700000|  0%| F|  |TAMS 0x0000000087600000, 0x0000000087600000| Untracked 
|  91|0x0000000087700000, 0x0000000087700000, 0x0000000087800000|  0%| F|  |TAMS 0x0000000087700000, 0x0000000087700000| Untracked 
|  92|0x0000000087800000, 0x0000000087800000, 0x0000000087900000|  0%| F|  |TAMS 0x0000000087800000, 0x0000000087800000| Untracked 
|  93|0x0000000087900000, 0x0000000087900000, 0x0000000087a00000|  0%| F|  |TAMS 0x0000000087900000, 0x0000000087900000| Untracked 
|  94|0x0000000087a00000, 0x0000000087a00000, 0x0000000087b00000|  0%| F|  |TAMS 0x0000000087a00000, 0x0000000087a00000| Untracked 
|  95|0x0000000087b00000, 0x0000000087b00000, 0x0000000087c00000|  0%| F|  |TAMS 0x0000000087b00000, 0x0000000087b00000| Untracked 
|  96|0x0000000087c00000, 0x0000000087c00000, 0x0000000087d00000|  0%| F|  |TAMS 0x0000000087c00000, 0x0000000087c00000| Untracked 
|  97|0x0000000087d00000, 0x0000000087d00000, 0x0000000087e00000|  0%| F|  |TAMS 0x0000000087d00000, 0x0000000087d00000| Untracked 
|  98|0x0000000087e00000, 0x0000000087e00000, 0x0000000087f00000|  0%| F|  |TAMS 0x0000000087e00000, 0x0000000087e00000| Untracked 
|  99|0x0000000087f00000, 0x0000000087f00000, 0x0000000088000000|  0%| F|  |TAMS 0x0000000087f00000, 0x0000000087f00000| Untracked 
| 100|0x0000000088000000, 0x0000000088000000, 0x0000000088100000|  0%| F|  |TAMS 0x0000000088000000, 0x0000000088000000| Untracked 
| 101|0x0000000088100000, 0x0000000088100000, 0x0000000088200000|  0%| F|  |TAMS 0x0000000088100000, 0x0000000088100000| Untracked 
| 102|0x0000000088200000, 0x0000000088200000, 0x0000000088300000|  0%| F|  |TAMS 0x0000000088200000, 0x0000000088200000| Untracked 
| 103|0x0000000088300000, 0x0000000088300000, 0x0000000088400000|  0%| F|  |TAMS 0x0000000088300000, 0x0000000088300000| Untracked 
| 104|0x0000000088400000, 0x0000000088400000, 0x0000000088500000|  0%| F|  |TAMS 0x0000000088400000, 0x0000000088400000| Untracked 
| 105|0x0000000088500000, 0x0000000088500000, 0x0000000088600000|  0%| F|  |TAMS 0x0000000088500000, 0x0000000088500000| Untracked 
| 106|0x0000000088600000, 0x0000000088600000, 0x0000000088700000|  0%| F|  |TAMS 0x0000000088600000, 0x0000000088600000| Untracked 
| 107|0x0000000088700000, 0x0000000088700000, 0x0000000088800000|  0%| F|  |TAMS 0x0000000088700000, 0x0000000088700000| Untracked 
| 108|0x0000000088800000, 0x0000000088800000, 0x0000000088900000|  0%| F|  |TAMS 0x0000000088800000, 0x0000000088800000| Untracked 
| 109|0x0000000088900000, 0x0000000088900000, 0x0000000088a00000|  0%| F|  |TAMS 0x0000000088900000, 0x0000000088900000| Untracked 
| 110|0x0000000088a00000, 0x0000000088a00000, 0x0000000088b00000|  0%| F|  |TAMS 0x0000000088a00000, 0x0000000088a00000| Untracked 
| 111|0x0000000088b00000, 0x0000000088b00000, 0x0000000088c00000|  0%| F|  |TAMS 0x0000000088b00000, 0x0000000088b00000| Untracked 
| 112|0x0000000088c00000, 0x0000000088c00000, 0x0000000088d00000|  0%| F|  |TAMS 0x0000000088c00000, 0x0000000088c00000| Untracked 
| 113|0x0000000088d00000, 0x0000000088dec130, 0x0000000088e00000| 92%| E|  |TAMS 0x0000000088d00000, 0x0000000088d00000| Complete 
| 114|0x0000000088e00000, 0x0000000088f00000, 0x0000000088f00000|100%| E|CS|TAMS 0x0000000088e00000, 0x0000000088e00000| Complete 
| 115|0x0000000088f00000, 0x0000000089000000, 0x0000000089000000|100%| E|CS|TAMS 0x0000000088f00000, 0x0000000088f00000| Complete 
| 116|0x0000000089000000, 0x0000000089100000, 0x0000000089100000|100%| E|CS|TAMS 0x0000000089000000, 0x0000000089000000| Complete 
| 117|0x0000000089100000, 0x0000000089200000, 0x0000000089200000|100%| E|CS|TAMS 0x0000000089100000, 0x0000000089100000| Complete 
| 118|0x0000000089200000, 0x0000000089300000, 0x0000000089300000|100%| E|CS|TAMS 0x0000000089200000, 0x0000000089200000| Complete 
| 119|0x0000000089300000, 0x0000000089400000, 0x0000000089400000|100%| E|CS|TAMS 0x0000000089300000, 0x0000000089300000| Complete 
| 120|0x0000000089400000, 0x0000000089500000, 0x0000000089500000|100%| E|CS|TAMS 0x0000000089400000, 0x0000000089400000| Complete 
| 121|0x0000000089500000, 0x0000000089600000, 0x0000000089600000|100%| E|CS|TAMS 0x0000000089500000, 0x0000000089500000| Complete 
| 122|0x0000000089600000, 0x0000000089700000, 0x0000000089700000|100%| E|CS|TAMS 0x0000000089600000, 0x0000000089600000| Complete 
| 123|0x0000000089700000, 0x0000000089800000, 0x0000000089800000|100%| E|CS|TAMS 0x0000000089700000, 0x0000000089700000| Complete 
| 124|0x0000000089800000, 0x0000000089900000, 0x0000000089900000|100%| E|CS|TAMS 0x0000000089800000, 0x0000000089800000| Complete 
| 125|0x0000000089900000, 0x0000000089a00000, 0x0000000089a00000|100%| E|CS|TAMS 0x0000000089900000, 0x0000000089900000| Complete 
| 126|0x0000000089a00000, 0x0000000089b00000, 0x0000000089b00000|100%| E|CS|TAMS 0x0000000089a00000, 0x0000000089a00000| Complete 
| 127|0x0000000089b00000, 0x0000000089c00000, 0x0000000089c00000|100%| E|CS|TAMS 0x0000000089b00000, 0x0000000089b00000| Complete 

Card table byte_map: [0x000001bf68050000,0x000001bf68450000] _byte_map_base: 0x000001bf67c42000

Marking Bits (Prev, Next): (CMBitMap*) 0x000001bf5019c1e8, (CMBitMap*) 0x000001bf5019c228
 Prev Bits: [0x000001bf68850000, 0x000001bf6a7e0000)
 Next Bits: [0x000001bf6a7e0000, 0x000001bf6c770000)

Polling page: 0x000001bf4e0d0000

Metaspace:

Usage:
  Non-class:      7.29 MB capacity,     7.21 MB ( 99%) used,    56.74 KB ( <1%) free+waste,    19.69 KB ( <1%) overhead. 
      Class:      1.04 MB capacity,   934.36 KB ( 88%) used,   114.70 KB ( 11%) free+waste,    12.94 KB (  1%) overhead. 
       Both:      8.33 MB capacity,     8.13 MB ( 98%) used,   171.45 KB (  2%) free+waste,    32.63 KB ( <1%) overhead. 

Virtual space:
  Non-class space:        8.00 MB reserved,       7.50 MB ( 94%) committed 
      Class space:        1.00 GB reserved,       1.13 MB ( <1%) committed 
             Both:        1.01 GB reserved,       8.63 MB ( <1%) committed 

Chunk freelists:
   Non-Class:  24.00 KB
       Class:  26.00 KB
        Both:  50.00 KB

MaxMetaspaceSize: 17179869184.00 GB
CompressedClassSpaceSize: 1.00 GB

CodeHeap 'non-profiled nmethods': size=120000Kb used=353Kb max_used=353Kb free=119646Kb
 bounds [0x000001bf603e0000, 0x000001bf60650000, 0x000001bf67910000]
CodeHeap 'profiled nmethods': size=120000Kb used=2015Kb max_used=2015Kb free=117984Kb
 bounds [0x000001bf58eb0000, 0x000001bf59120000, 0x000001bf603e0000]
CodeHeap 'non-nmethods': size=5760Kb used=1283Kb max_used=1298Kb free=4476Kb
 bounds [0x000001bf58910000, 0x000001bf58b80000, 0x000001bf58eb0000]
 total_blobs=1714 nmethods=1141 adapters=486
 compilation: enabled
              stopped_count=0, restarted_count=0
 full_count=0

Compilation events (20 events):
Event: 31.728 Thread 0x000001bf6f1d2800 nmethod 1132 0x000001bf5909a310 code [0x000001bf5909a540, 0x000001bf5909af78]
Event: 31.728 Thread 0x000001bf6f1d2800 1133       3       java.awt.EventQueue::setCurrentEventAndMostRecentTime (8 bytes)
Event: 31.728 Thread 0x000001bf6f1d2800 nmethod 1133 0x000001bf5909b290 code [0x000001bf5909b460, 0x000001bf5909b6c8]
Event: 31.742 Thread 0x000001bf6f1d2800 1134   !   3       java.util.concurrent.locks.AbstractQueuedSynchronizer$ConditionObject::await (159 bytes)
Event: 31.743 Thread 0x000001bf6f1d2800 nmethod 1134 0x000001bf5909b810 code [0x000001bf5909bb40, 0x000001bf5909d0c8]
Event: 31.750 Thread 0x000001bf6f1d2800 1135   !   3       sun.awt.AWTAutoShutdown::notifyThreadFree (74 bytes)
Event: 31.751 Thread 0x000001bf6f1d2800 nmethod 1135 0x000001bf5909d890 code [0x000001bf5909da80, 0x000001bf5909e148]
Event: 31.765 Thread 0x000001bf6f1d2800 1136       3       java.awt.event.ComponentEvent::<init> (7 bytes)
Event: 31.765 Thread 0x000001bf6f1d2800 nmethod 1136 0x000001bf5909e410 code [0x000001bf5909e5c0, 0x000001bf5909e708]
Event: 31.773 Thread 0x000001bf6f1d2800 1137       3       java.awt.Window::dispatchEventImpl (23 bytes)
Event: 31.774 Thread 0x000001bf6f1d2800 nmethod 1137 0x000001bf5909e790 code [0x000001bf5909e980, 0x000001bf5909f118]
Event: 31.790 Thread 0x000001bf6f1d2800 1139       3       sun.awt.SunToolkit::isTouchKeyboardAutoShowEnabled (4 bytes)
Event: 31.790 Thread 0x000001bf6f1d2800 nmethod 1139 0x000001bf5909f310 code [0x000001bf5909f4a0, 0x000001bf5909f598]
Event: 31.790 Thread 0x000001bf6f1d2800 1140       3       java.util.concurrent.locks.LockSupport::park (9 bytes)
Event: 31.790 Thread 0x000001bf6f1d2800 nmethod 1140 0x000001bf5909f610 code [0x000001bf5909f7c0, 0x000001bf5909f8e8]
Event: 31.796 Thread 0x000001bf6f1d2800 1141   !   3       java.awt.KeyboardFocusManager::retargetFocusEvent (244 bytes)
Event: 31.800 Thread 0x000001bf6f1d2800 nmethod 1141 0x000001bf5909f990 code [0x000001bf5909fec0, 0x000001bf590a36d8]
Event: 31.800 Thread 0x000001bf6f1d2800 1142   !   3       java.awt.KeyboardFocusManager::processCurrentLightweightRequests (345 bytes)
Event: 31.802 Thread 0x000001bf6f1d2800 nmethod 1142 0x000001bf590a4610 code [0x000001bf590a4a40, 0x000001bf590a7098]
Event: 31.802 Thread 0x000001bf6f1d2800 1143   !   3       java.awt.DefaultKeyboardFocusManager::dispatchEvent (1621 bytes)

GC Heap History (0 events):
No events

Deoptimization events (20 events):
Event: 0.403 Thread 0x000001bf50158800 Uncommon trap: trap_request=0xffffff45 fr.pc=0x000001bf6040d2b4 relative=0x00000000000000f4
Event: 0.403 Thread 0x000001bf50158800 Uncommon trap: reason=unstable_if action=reinterpret pc=0x000001bf6040d2b4 method=java.nio.Buffer.limit(I)Ljava/nio/Buffer; @ 42 c2
Event: 0.403 Thread 0x000001bf50158800 DEOPT PACKING pc=0x000001bf6040d2b4 sp=0x000000475fafe3d0
Event: 0.403 Thread 0x000001bf50158800 DEOPT UNPACKING pc=0x000001bf5895912f sp=0x000000475fafe358 mode 2
Event: 0.518 Thread 0x000001bf711b9800 Uncommon trap: trap_request=0xffffffde fr.pc=0x000001bf60419dc4 relative=0x0000000000000404
Event: 0.518 Thread 0x000001bf711b9800 Uncommon trap: reason=class_check action=maybe_recompile pc=0x000001bf60419dc4 method=java.util.HashMap.getNode(ILjava/lang/Object;)Ljava/util/HashMap$Node; @ 59 c2
Event: 0.518 Thread 0x000001bf711b9800 DEOPT PACKING pc=0x000001bf60419dc4 sp=0x00000047610fd1f0
Event: 0.518 Thread 0x000001bf711b9800 DEOPT UNPACKING pc=0x000001bf5895912f sp=0x00000047610fd168 mode 2
Event: 0.519 Thread 0x000001bf711b9800 Uncommon trap: trap_request=0xffffffde fr.pc=0x000001bf60419dc4 relative=0x0000000000000404
Event: 0.519 Thread 0x000001bf711b9800 Uncommon trap: reason=class_check action=maybe_recompile pc=0x000001bf60419dc4 method=java.util.HashMap.getNode(ILjava/lang/Object;)Ljava/util/HashMap$Node; @ 59 c2
Event: 0.519 Thread 0x000001bf711b9800 DEOPT PACKING pc=0x000001bf60419dc4 sp=0x00000047610fd300
Event: 0.519 Thread 0x000001bf711b9800 DEOPT UNPACKING pc=0x000001bf5895912f sp=0x00000047610fd278 mode 2
Event: 0.522 Thread 0x000001bf711b9800 Uncommon trap: trap_request=0xffffffde fr.pc=0x000001bf60419dc4 relative=0x0000000000000404
Event: 0.522 Thread 0x000001bf711b9800 Uncommon trap: reason=class_check action=maybe_recompile pc=0x000001bf60419dc4 method=java.util.HashMap.getNode(ILjava/lang/Object;)Ljava/util/HashMap$Node; @ 59 c2
Event: 0.522 Thread 0x000001bf711b9800 DEOPT PACKING pc=0x000001bf60419dc4 sp=0x00000047610fd1f0
Event: 0.522 Thread 0x000001bf711b9800 DEOPT UNPACKING pc=0x000001bf5895912f sp=0x00000047610fd168 mode 2
Event: 0.522 Thread 0x000001bf711b9800 Uncommon trap: trap_request=0xffffffde fr.pc=0x000001bf60419dc4 relative=0x0000000000000404
Event: 0.522 Thread 0x000001bf711b9800 Uncommon trap: reason=class_check action=maybe_recompile pc=0x000001bf60419dc4 method=java.util.HashMap.getNode(ILjava/lang/Object;)Ljava/util/HashMap$Node; @ 59 c2
Event: 0.522 Thread 0x000001bf711b9800 DEOPT PACKING pc=0x000001bf60419dc4 sp=0x00000047610fd300
Event: 0.522 Thread 0x000001bf711b9800 DEOPT UNPACKING pc=0x000001bf5895912f sp=0x00000047610fd278 mode 2

Classes unloaded (0 events):
No events

Classes redefined (0 events):
No events

Internal exceptions (12 events):
Event: 0.073 Thread 0x000001bf50158800 Exception <a 'java/lang/ClassNotFoundException'{0x0000000089a5e0e0}: sun/awt/resources/spi/awtProvider> (0x0000000089a5e0e0) 
thrown [./open/src/hotspot/share/classfile/systemDictionary.cpp, line 226]
Event: 0.097 Thread 0x000001bf50158800 Exception <a 'java/io/FileNotFoundException'{0x0000000089ab28a0}> (0x0000000089ab28a0) 
thrown [./open/src/hotspot/share/prims/jni.cpp, line 599]
Event: 0.101 Thread 0x000001bf50158800 Exception <a 'java/io/FileNotFoundException'{0x0000000089ad8c88}> (0x0000000089ad8c88) 
thrown [./open/src/hotspot/share/prims/jni.cpp, line 599]
Event: 0.141 Thread 0x000001bf6fe7e000 Exception <a 'java/lang/NoSuchMethodError'{0x000000008997b338}: 'void java.lang.invoke.DirectMethodHandle$Holder.invokeSpecial(java.lang.Object, java.lang.Object)'> (0x000000008997b338) 
thrown [./open/src/hotspot/share/interpreter/linkResolver.cpp, line 766]
Event: 0.164 Thread 0x000001bf50158800 Exception <a 'java/lang/NoSuchMethodError'{0x000000008980f978}: 'java.lang.Object java.lang.invoke.DirectMethodHandle$Holder.invokeStatic(java.lang.Object, int, java.lang.Object, java.lang.Object, java.lang.Object, java.lang.Object)'> (0x000000008980f978) 
thrown [./open/src/hotspot/share/interpreter/linkResolver.cpp, line 766]
Event: 0.164 Thread 0x000001bf50158800 Exception <a 'java/lang/NoSuchMethodError'{0x0000000089816298}: 'java.lang.Object java.lang.invoke.DirectMethodHandle$Holder.invokeStatic(java.lang.Object, int, java.lang.Object, java.lang.Object, java.lang.Object)'> (0x0000000089816298) 
thrown [./open/src/hotspot/share/interpreter/linkResolver.cpp, line 766]
Event: 0.164 Thread 0x000001bf50158800 Exception <a 'java/lang/NoSuchMethodError'{0x0000000089819ae8}: 'java.lang.Object java.lang.invoke.DirectMethodHandle$Holder.invokeSpecial(java.lang.Object, java.lang.Object, int, java.lang.Object, java.lang.Object, java.lang.Object)'> (0x0000000089819ae8) 
thrown [./open/src/hotspot/share/interpreter/linkResolver.cpp, line 766]
Event: 0.166 Thread 0x000001bf50158800 Exception <a 'java/lang/NoSuchMethodError'{0x000000008982fe90}: 'java.lang.Object java.lang.invoke.DirectMethodHandle$Holder.invokeStatic(java.lang.Object, int, java.lang.Object)'> (0x000000008982fe90) 
thrown [./open/src/hotspot/share/interpreter/linkResolver.cpp, line 766]
Event: 0.182 Thread 0x000001bf50158800 Exception <a 'java/lang/ClassNotFoundException'{0x00000000898d35f0}: com/sun/swing/internal/plaf/metal/resources/spi/metalProvider> (0x00000000898d35f0) 
thrown [./open/src/hotspot/share/classfile/systemDictionary.cpp, line 226]
Event: 0.182 Thread 0x000001bf50158800 Exception <a 'java/lang/ClassNotFoundException'{0x00000000898d7948}: com/sun/swing/internal/plaf/basic/resources/spi/basicProvider> (0x00000000898d7948) 
thrown [./open/src/hotspot/share/classfile/systemDictionary.cpp, line 226]
Event: 0.452 Thread 0x000001bf50158800 Exception <a 'java/lang/NoSuchMethodError'{0x0000000088e66158}: 'java.lang.Object java.lang.invoke.Invokers$Holder.linkToTargetMethod(java.lang.Object, int, java.lang.Object)'> (0x0000000088e66158) 
thrown [./open/src/hotspot/share/interpreter/linkResolver.cpp, line 766]
Event: 0.454 Thread 0x000001bf50158800 Exception <a 'java/lang/NoSuchMethodError'{0x0000000088e69a10}: 'void java.lang.invoke.DirectMethodHandle$Holder.invokeStaticInit(java.lang.Object)'> (0x0000000088e69a10) 
thrown [./open/src/hotspot/share/interpreter/linkResolver.cpp, line 766]

Events (20 events):
Event: 0.551 loading class java/awt/LightweightDispatcher$1
Event: 0.551 loading class java/awt/LightweightDispatcher$1 done
Event: 0.551 loading class java/awt/event/AWTEventListenerProxy
Event: 0.551 loading class java/awt/event/AWTEventListenerProxy done
Event: 0.552 loading class java/awt/Toolkit$SelectiveAWTEventListener
Event: 0.552 loading class java/awt/Toolkit$SelectiveAWTEventListener done
Event: 0.552 loading class java/awt/Toolkit$ToolkitEventMulticaster
Event: 0.552 loading class java/awt/Toolkit$ToolkitEventMulticaster done
Event: 0.552 loading class java/awt/event/MouseWheelEvent
Event: 0.552 loading class java/awt/event/MouseWheelEvent done
Event: 1.060 loading class javax/swing/Timer$1
Event: 1.060 loading class javax/swing/Timer$1 done
Event: 1.061 Thread 0x000001bf70b57000 Thread exited: 0x000001bf70b57000
Event: 4.110 Loaded shared library C:\Program Files\Java\jdk-14.0.2\bin\java.dll
Event: 8.055 loading class java/awt/LightweightDispatcher$2
Event: 8.056 loading class java/awt/LightweightDispatcher$2 done
Event: 30.929 loading class sun/awt/windows/WInputMethod$1
Event: 30.929 loading class sun/awt/windows/WInputMethod$1 done
Event: 30.945 loading class java/awt/font/TextHitInfo
Event: 30.945 loading class java/awt/font/TextHitInfo done


Dynamic libraries:
0x00007ff70d840000 - 0x00007ff70d84f000 	C:\Program Files\Java\jdk-14.0.2\bin\javaw.exe
0x00007ffda1d50000 - 0x00007ffda1f46000 	C:\WINDOWS\SYSTEM32\ntdll.dll
0x00007ffda0910000 - 0x00007ffda09cd000 	C:\WINDOWS\System32\KERNEL32.DLL
0x00007ffd9f850000 - 0x00007ffd9fb19000 	C:\WINDOWS\System32\KERNELBASE.dll
0x00007ffd9fc30000 - 0x00007ffd9fd30000 	C:\WINDOWS\System32\ucrtbase.dll
0x00007ffd96ee0000 - 0x00007ffd96ef8000 	C:\Program Files\Java\jdk-14.0.2\bin\jli.dll
0x00007ffd89560000 - 0x00007ffd89575000 	C:\Program Files\Java\jdk-14.0.2\bin\VCRUNTIME140.dll
0x00007ffda1630000 - 0x00007ffda16dc000 	C:\WINDOWS\System32\ADVAPI32.dll
0x00007ffd9fdc0000 - 0x00007ffd9fe5e000 	C:\WINDOWS\System32\msvcrt.dll
0x00007ffda11b0000 - 0x00007ffda124c000 	C:\WINDOWS\System32\sechost.dll
0x00007ffda1370000 - 0x00007ffda149b000 	C:\WINDOWS\System32\RPCRT4.dll
0x00007ffda1b50000 - 0x00007ffda1cf0000 	C:\WINDOWS\System32\USER32.dll
0x00007ffd841c0000 - 0x00007ffd8445b000 	C:\WINDOWS\WinSxS\amd64_microsoft.windows.common-controls_6595b64144ccf1df_6.0.19041.488_none_ca04af081b815d21\COMCTL32.dll
0x00007ffd9fd30000 - 0x00007ffd9fd52000 	C:\WINDOWS\System32\win32u.dll
0x00007ffd9fec0000 - 0x00007ffd9feea000 	C:\WINDOWS\System32\GDI32.dll
0x00007ffd9f6a0000 - 0x00007ffd9f7a9000 	C:\WINDOWS\System32\gdi32full.dll
0x00007ffd9f7b0000 - 0x00007ffd9f84d000 	C:\WINDOWS\System32\msvcp_win.dll
0x00007ffd99030000 - 0x00007ffd9903a000 	C:\WINDOWS\SYSTEM32\VERSION.dll
0x00007ffd9ff80000 - 0x00007ffd9ffb0000 	C:\WINDOWS\System32\IMM32.DLL
0x00007ffd63f30000 - 0x00007ffd63fcb000 	C:\Program Files\Java\jdk-14.0.2\bin\msvcp140.dll
0x00007ffd38da0000 - 0x00007ffd398be000 	C:\Program Files\Java\jdk-14.0.2\bin\server\jvm.dll
0x00007ffda15c0000 - 0x00007ffda15c8000 	C:\WINDOWS\System32\PSAPI.DLL
0x00007ffd924a0000 - 0x00007ffd924c7000 	C:\WINDOWS\SYSTEM32\WINMM.dll
0x00007ffd990f0000 - 0x00007ffd990f9000 	C:\WINDOWS\SYSTEM32\WSOCK32.dll
0x00007ffda1300000 - 0x00007ffda136b000 	C:\WINDOWS\System32\WS2_32.dll
0x00007ffd9d470000 - 0x00007ffd9d482000 	C:\WINDOWS\SYSTEM32\kernel.appcore.dll
0x00007ffd945c0000 - 0x00007ffd945ca000 	C:\Program Files\Java\jdk-14.0.2\bin\jimage.dll
0x00007ffd9d190000 - 0x00007ffd9d374000 	C:\WINDOWS\SYSTEM32\DBGHELP.DLL
0x00007ffd858c0000 - 0x00007ffd858ec000 	C:\WINDOWS\SYSTEM32\dbgcore.DLL
0x00007ffd9f5f0000 - 0x00007ffd9f670000 	C:\WINDOWS\System32\bcryptPrimitives.dll
0x00007ffd8cd80000 - 0x00007ffd8cda5000 	C:\Program Files\Java\jdk-14.0.2\bin\java.dll
0x00007ffd8cd60000 - 0x00007ffd8cd76000 	C:\Program Files\Java\jdk-14.0.2\bin\zip.dll
0x00007ffd9ffb0000 - 0x00007ffda06f2000 	C:\WINDOWS\System32\SHELL32.dll
0x00007ffd9d5e0000 - 0x00007ffd9dd75000 	C:\WINDOWS\SYSTEM32\windows.storage.dll
0x00007ffda0b00000 - 0x00007ffda0e56000 	C:\WINDOWS\System32\combase.dll
0x00007ffd9ee30000 - 0x00007ffd9ee5c000 	C:\WINDOWS\SYSTEM32\Wldp.dll
0x00007ffda1250000 - 0x00007ffda12fe000 	C:\WINDOWS\System32\SHCORE.dll
0x00007ffda15d0000 - 0x00007ffda1625000 	C:\WINDOWS\System32\shlwapi.dll
0x00007ffd9f3c0000 - 0x00007ffd9f3e6000 	C:\WINDOWS\SYSTEM32\profapi.dll
0x00007ffd848b0000 - 0x00007ffd848c9000 	C:\Program Files\Java\jdk-14.0.2\bin\net.dll
0x00007ffd93c60000 - 0x00007ffd93d60000 	C:\WINDOWS\SYSTEM32\WINHTTP.dll
0x00007ffd9ebb0000 - 0x00007ffd9ec1a000 	C:\WINDOWS\system32\mswsock.dll
0x00007ffd81ba0000 - 0x00007ffd81bb2000 	C:\Program Files\Java\jdk-14.0.2\bin\nio.dll
0x00007ffd5c830000 - 0x00007ffd5c9c9000 	C:\Program Files\Java\jdk-14.0.2\bin\awt.dll
0x00007ffda0ec0000 - 0x00007ffda0f8d000 	C:\WINDOWS\System32\OLEAUT32.dll
0x00007ffd9c240000 - 0x00007ffd9c2d0000 	C:\WINDOWS\SYSTEM32\apphelp.dll
0x00007ffd9cf30000 - 0x00007ffd9cf5f000 	C:\WINDOWS\system32\DWMAPI.DLL
0x00007ffd9cc70000 - 0x00007ffd9cd0e000 	C:\WINDOWS\system32\uxtheme.dll
0x00007ffd7eeb0000 - 0x00007ffd7efd5000 	C:\WINDOWS\system32\opengl32.dll
0x00007ffd92960000 - 0x00007ffd9298c000 	C:\WINDOWS\SYSTEM32\GLU32.dll
0x00007ffda14a0000 - 0x00007ffda15b6000 	C:\WINDOWS\System32\MSCTF.dll
0x00007ffda0700000 - 0x00007ffda082a000 	C:\WINDOWS\System32\ole32.dll
0x00007ffd62380000 - 0x00007ffd62402000 	C:\Program Files\Java\jdk-14.0.2\bin\freetype.dll
0x00007ffd5b110000 - 0x00007ffd5b1b6000 	C:\Program Files\Java\jdk-14.0.2\bin\fontmanager.dll
0x00007ffda09d0000 - 0x00007ffda0a79000 	C:\WINDOWS\System32\clbcatq.dll
0x00007ffd924d0000 - 0x00007ffd92684000 	C:\WINDOWS\SYSTEM32\WindowsCodecs.dll
0x00007ffd9f670000 - 0x00007ffd9f697000 	C:\WINDOWS\System32\bcrypt.dll
0x00007ffd8c400000 - 0x00007ffd8c43e000 	C:\WINDOWS\system32\dataexchange.dll
0x00007ffd96c20000 - 0x00007ffd96e84000 	C:\WINDOWS\system32\d3d11.dll
0x00007ffd9b150000 - 0x00007ffd9b337000 	C:\WINDOWS\system32\dcomp.dll
0x00007ffd9df00000 - 0x00007ffd9dff3000 	C:\WINDOWS\system32\dxgi.dll
0x00007ffd9a170000 - 0x00007ffd9a378000 	C:\WINDOWS\system32\twinapi.appcore.dll
0x00007ffd9a4e0000 - 0x00007ffd9a5dd000 	C:\WINDOWS\SYSTEM32\textinputframework.dll
0x00007ffd9b340000 - 0x00007ffd9b69e000 	C:\WINDOWS\System32\CoreUIComponents.dll
0x00007ffd9bd50000 - 0x00007ffd9be42000 	C:\WINDOWS\System32\CoreMessaging.dll
0x00007ffd9e1d0000 - 0x00007ffd9e203000 	C:\WINDOWS\SYSTEM32\ntmarta.dll
0x00007ffd9b790000 - 0x00007ffd9b8e6000 	C:\WINDOWS\SYSTEM32\wintypes.dll
0x00007ffd7edf0000 - 0x00007ffd7ee9c000 	C:\WINDOWS\SYSTEM32\TextShaping.dll

dbghelp: loaded successfully - version: 4.0.5 - missing functions: none
symbol engine: initialized successfully - sym options: 0x614 - pdb path: .;C:\Program Files\Java\jdk-14.0.2\bin;C:\WINDOWS\SYSTEM32;C:\WINDOWS\WinSxS\amd64_microsoft.windows.common-controls_6595b64144ccf1df_6.0.19041.488_none_ca04af081b815d21;C:\Program Files\Java\jdk-14.0.2\bin\server

VM Arguments:
jvm_args: -Dfile.encoding=Cp1252 
java_command: ASimulatorSystem.Withdrawl
java_class_path (initial): C:\Users\User\Downloads\ATM-Simulator-System-master\ATM-Simulator-System\build\classes;C:\Users\User\Downloads\mysql-connector-java-5.1.49\mysql-connector-java-5.1.49.jar
Launcher Type: SUN_STANDARD

[Global flags]
     intx CICompilerCount                          = 4                                         {product} {ergonomic}
     uint ConcGCThreads                            = 2                                         {product} {ergonomic}
     uint G1ConcRefinementThreads                  = 8                                         {product} {ergonomic}
   size_t G1HeapRegionSize                         = 1048576                                   {product} {ergonomic}
    uintx GCDrainStackTargetSize                   = 64                                        {product} {ergonomic}
   size_t InitialHeapSize                          = 134217728                                 {product} {ergonomic}
   size_t MarkStackSize                            = 4194304                                   {product} {ergonomic}
   size_t MaxHeapSize                              = 2118123520                                {product} {ergonomic}
   size_t MaxNewSize                               = 1270874112                                {product} {ergonomic}
   size_t MinHeapDeltaBytes                        = 1048576                                   {product} {ergonomic}
   size_t MinHeapSize                              = 8388608                                   {product} {ergonomic}
    uintx NonNMethodCodeHeapSize                   = 5839372                                {pd product} {ergonomic}
    uintx NonProfiledCodeHeapSize                  = 122909434                              {pd product} {ergonomic}
    uintx ProfiledCodeHeapSize                     = 122909434                              {pd product} {ergonomic}
    uintx ReservedCodeCacheSize                    = 251658240                              {pd product} {ergonomic}
     bool SegmentedCodeCache                       = true                                      {product} {ergonomic}
   size_t SoftMaxHeapSize                          = 2118123520                             {manageable} {ergonomic}
     bool UseCompressedClassPointers               = true                                 {lp64_product} {ergonomic}
     bool UseCompressedOops                        = true                                 {lp64_product} {ergonomic}
     bool UseG1GC                                  = true                                      {product} {ergonomic}
     bool UseLargePagesIndividualAllocation        = false                                  {pd product} {ergonomic}

Logging:
Log output configuration:
 #0: stdout all=warning uptime,level,tags
 #1: stderr all=off uptime,level,tags

Environment Variables:
JAVA_HOME=C:\Program Files\Java\jdk-14.0.2
PATH=C:/Program Files/Java/jdk-14.0.2/bin/server;C:/Program Files/Java/jdk-14.0.2/bin;C:\oraclexe\app\oracle\product\10.2.0\server\bin;C:\Program Files (x86)\VMware\VMware Player\bin;D:\app\User\product\11.2.0\dbhome_2\bin;C:\Windows\system32;C:\Windows;C:\Windows\System32\Wbem;C:\Windows\System32\WindowsPowerShell\v1.0\;C:\Windows\System32\OpenSSH\;C:\Program Files (x86)\NVIDIA Corporation\PhysX\Common;C:\Program Files\NVIDIA Corporation\NVIDIA NvDLISR;C:\WINDOWS\system32;C:\WINDOWS;C:\WINDOWS\System32\Wbem;C:\WINDOWS\System32\WindowsPowerShell\v1.0\;C:\WINDOWS\System32\OpenSSH\;C:\Users\User\Downloads\database\install\access\jdk\jre;C:\Program Files\Java\jdk-14.0.2\bin;C:\Users\User\AppData\Local\Programs\Python\Python38-32\Scripts\;C:\Users\User\AppData\Local\Programs\Python\Python38-32\;C:\Users\User\AppData\Local\Microsoft\WindowsApps;;C:\Program Files\JetBrains\PyCharm Community Edition 2020.1.3\bin;;C:\Users\User\Desktop;
USERNAME=User
OS=Windows_NT
PROCESSOR_IDENTIFIER=Intel64 Family 6 Model 158 Stepping 10, GenuineIntel



---------------  S Y S T E M  ---------------

OS: Windows 10 , 64 bit Build 19041 (10.0.19041.662)
OS uptime: 2 days 4:41 hours

CPU:total 8 (initial active 8) (4 cores per cpu, 2 threads per core) family 6 model 158 stepping 10, cmov, cx8, fxsr, mmx, sse, sse2, sse3, ssse3, sse4.1, sse4.2, popcnt, avx, avx2, aes, clmul, erms, 3dnowpref, lzcnt, ht, tsc, tscinvbit, bmi1, bmi2, adx, fma

Memory: 4k page, system-wide physical 8072M (488M free)
TotalPageFile size 30872M (AvailPageFile size 4M)
current process WorkingSet (physical memory assigned to process): 72M, peak: 77M
current process commit charge ("private bytes"): 227M, peak: 235M

vm_info: Java HotSpot(TM) 64-Bit Server VM (14.0.2+12-46) for windows-amd64 JRE (14.0.2+12-46), built on Jul  9 2020 00:35:52 by "mach5one" with MS VC++ 15.9 (VS2017)

END.
