#
# There is insufficient memory for the Java Runtime Environment to continue.
# Native memory allocation (mmap) failed to map 134217728 bytes for Failed to commit area from 0x0000000081c00000 to 0x0000000089c00000 of length 134217728.
# Possible reasons:
#   The system is out of physical RAM or swap space
#   The process is running with CompressedOops enabled, and the Java Heap may be blocking the growth of the native heap
# Possible solutions:
#   Reduce memory load on the system
#   Increase physical memory or swap space
#   Check if swap backing store is full
#   Decrease Java heap size (-Xmx/-Xms)
#   Decrease number of Java threads
#   Decrease Java thread stack sizes (-Xss)
#   Set larger code cache with -XX:ReservedCodeCacheSize=
#   JVM is running with Unscaled Compressed Oops mode in which the Java heap is
#     placed in the first 4GB address space. The Java Heap base address is the
#     maximum limit for the native heap growth. Please use -XX:HeapBaseMinAddress
#     to set the Java Heap base and to place the Java Heap above 4GB virtual address.
# This output file may be truncated or incomplete.
#
#  Out of Memory Error (./open/src/hotspot/os/windows/os_windows.cpp:3315), pid=24824, tid=28916
#
# JRE version:  (14.0.2+12) (build )
# Java VM: Java HotSpot(TM) 64-Bit Server VM (14.0.2+12-46, mixed mode, sharing, tiered, compressed oops, g1 gc, windows-amd64)
# No core dump will be written. Minidumps are not enabled by default on client versions of Windows
#

---------------  S U M M A R Y ------------

Command Line: -Dfile.encoding=Cp1252 ASimulatorSystem.Transcations

Host: Intel(R) Core(TM) i5-9300H CPU @ 2.40GHz, 8 cores, 7G,  Windows 10 , 64 bit Build 19041 (10.0.19041.662)
Time: Sun Jan 10 12:54:18 2021 India Standard Time elapsed time: 0 seconds (0d 0h 0m 0s)

---------------  T H R E A D  ---------------

Current thread (0x0000024786358800):  JavaThread "Unknown thread" [_thread_in_vm, id=28916, stack(0x0000008c97300000,0x0000008c97400000)]

Stack: [0x0000008c97300000,0x0000008c97400000]
Native frames: (J=compiled Java code, j=interpreted, Vv=VM code, C=native code)
V  [jvm.dll+0x5f8a9a]
V  [jvm.dll+0x74247a]
V  [jvm.dll+0x743c2f]
V  [jvm.dll+0x744273]
V  [jvm.dll+0x20d288]
V  [jvm.dll+0x5f5dea]
V  [jvm.dll+0x5eac45]
V  [jvm.dll+0x2c7e9c]
V  [jvm.dll+0x2c7cd2]
V  [jvm.dll+0x2cdbbc]
V  [jvm.dll+0x313fe8]
V  [jvm.dll+0x313710]
V  [jvm.dll+0x2a092a]
V  [jvm.dll+0x2a1a79]
V  [jvm.dll+0x71fd48]
V  [jvm.dll+0x321c14]
V  [jvm.dll+0x70112c]
V  [jvm.dll+0x392def]
V  [jvm.dll+0x394e61]
C  [jli.dll+0x524b]
C  [ucrtbase.dll+0x214c2]
C  [KERNEL32.DLL+0x17034]
C  [ntdll.dll+0x4d0d1]


---------------  P R O C E S S  ---------------

Threads class SMR info:
_java_thread_list=0x00007ffd39823038, length=0, elements={
}

Java Threads: ( => current thread )

Other Threads:
  0x000002478639c800 GCTaskThread "GC Thread#0" [stack: 0x0000008c97400000,0x0000008c97500000] [id=28992]
  0x00000247863ae800 ConcurrentGCThread "G1 Main Marker" [stack: 0x0000008c97500000,0x0000008c97600000] [id=28976]
  0x00000247863b0800 ConcurrentGCThread "G1 Conc#0" [stack: 0x0000008c97600000,0x0000008c97700000] [id=28972]

[error occurred during error reporting (printing all threads), id 0xc0000005, EXCEPTION_ACCESS_VIOLATION (0xc0000005) at pc=0x00007ffd39051257]

VM state:not at safepoint (not fully initialized)

VM Mutex/Monitor currently owned by a thread:  ([mutex/lock_event])
[0x0000024786353990] Heap_lock - owner thread: 0x0000024786358800

Heap address: 0x0000000081c00000, size: 2020 MB, Compressed Oops mode: 32-bit
Narrow klass base: 0x0000000000000000, Narrow klass shift: 0

GC Heap History (0 events):
No events

Deoptimization events (0 events):
No events

Classes unloaded (0 events):
No events

Classes redefined (0 events):
No events

Internal exceptions (0 events):
No events

Events (2 events):
Event: 0.009 Loaded shared library C:\Program Files\Java\jdk-14.0.2\bin\java.dll
Event: 0.010 Loaded shared library C:\Program Files\Java\jdk-14.0.2\bin\zip.dll


Dynamic libraries:
0x00007ff70d840000 - 0x00007ff70d84f000 	C:\Program Files\Java\jdk-14.0.2\bin\javaw.exe
0x00007ffda1d50000 - 0x00007ffda1f46000 	C:\WINDOWS\SYSTEM32\ntdll.dll
0x00007ffda0910000 - 0x00007ffda09cd000 	C:\WINDOWS\System32\KERNEL32.DLL
0x00007ffd9f850000 - 0x00007ffd9fb19000 	C:\WINDOWS\System32\KERNELBASE.dll
0x00007ffd9fc30000 - 0x00007ffd9fd30000 	C:\WINDOWS\System32\ucrtbase.dll
0x00007ffd89560000 - 0x00007ffd89575000 	C:\Program Files\Java\jdk-14.0.2\bin\VCRUNTIME140.dll
0x00007ffd96ee0000 - 0x00007ffd96ef8000 	C:\Program Files\Java\jdk-14.0.2\bin\jli.dll
0x00007ffda1630000 - 0x00007ffda16dc000 	C:\WINDOWS\System32\ADVAPI32.dll
0x00007ffd9fdc0000 - 0x00007ffd9fe5e000 	C:\WINDOWS\System32\msvcrt.dll
0x00007ffda11b0000 - 0x00007ffda124c000 	C:\WINDOWS\System32\sechost.dll
0x00007ffda1370000 - 0x00007ffda149b000 	C:\WINDOWS\System32\RPCRT4.dll
0x00007ffda1b50000 - 0x00007ffda1cf0000 	C:\WINDOWS\System32\USER32.dll
0x00007ffd841c0000 - 0x00007ffd8445b000 	C:\WINDOWS\WinSxS\amd64_microsoft.windows.common-controls_6595b64144ccf1df_6.0.19041.488_none_ca04af081b815d21\COMCTL32.dll
0x00007ffd9fd30000 - 0x00007ffd9fd52000 	C:\WINDOWS\System32\win32u.dll
0x00007ffd9fec0000 - 0x00007ffd9feea000 	C:\WINDOWS\System32\GDI32.dll
0x00007ffd9f6a0000 - 0x00007ffd9f7a9000 	C:\WINDOWS\System32\gdi32full.dll
0x00007ffd9f7b0000 - 0x00007ffd9f84d000 	C:\WINDOWS\System32\msvcp_win.dll
0x00007ffd99030000 - 0x00007ffd9903a000 	C:\WINDOWS\SYSTEM32\VERSION.dll
0x00007ffd9ff80000 - 0x00007ffd9ffb0000 	C:\WINDOWS\System32\IMM32.DLL
0x00007ffd63f30000 - 0x00007ffd63fcb000 	C:\Program Files\Java\jdk-14.0.2\bin\msvcp140.dll
0x00007ffd38da0000 - 0x00007ffd398be000 	C:\Program Files\Java\jdk-14.0.2\bin\server\jvm.dll
0x00007ffda15c0000 - 0x00007ffda15c8000 	C:\WINDOWS\System32\PSAPI.DLL
0x00007ffd990f0000 - 0x00007ffd990f9000 	C:\WINDOWS\SYSTEM32\WSOCK32.dll
0x00007ffd924a0000 - 0x00007ffd924c7000 	C:\WINDOWS\SYSTEM32\WINMM.dll
0x00007ffda1300000 - 0x00007ffda136b000 	C:\WINDOWS\System32\WS2_32.dll
0x00007ffd9d470000 - 0x00007ffd9d482000 	C:\WINDOWS\SYSTEM32\kernel.appcore.dll
0x00007ffd945c0000 - 0x00007ffd945ca000 	C:\Program Files\Java\jdk-14.0.2\bin\jimage.dll
0x00007ffd9d190000 - 0x00007ffd9d374000 	C:\WINDOWS\SYSTEM32\DBGHELP.DLL
0x00007ffd858c0000 - 0x00007ffd858ec000 	C:\WINDOWS\SYSTEM32\dbgcore.DLL
0x00007ffd9f5f0000 - 0x00007ffd9f670000 	C:\WINDOWS\System32\bcryptPrimitives.dll
0x00007ffd8cd80000 - 0x00007ffd8cda5000 	C:\Program Files\Java\jdk-14.0.2\bin\java.dll
0x00007ffd8cd60000 - 0x00007ffd8cd76000 	C:\Program Files\Java\jdk-14.0.2\bin\zip.dll

dbghelp: loaded successfully - version: 4.0.5 - missing functions: none
symbol engine: initialized successfully - sym options: 0x614 - pdb path: .;C:\Program Files\Java\jdk-14.0.2\bin;C:\WINDOWS\SYSTEM32;C:\WINDOWS\WinSxS\amd64_microsoft.windows.common-controls_6595b64144ccf1df_6.0.19041.488_none_ca04af081b815d21;C:\Program Files\Java\jdk-14.0.2\bin\server

VM Arguments:
jvm_args: -Dfile.encoding=Cp1252 
java_command: ASimulatorSystem.Transcations
java_class_path (initial): C:\Users\User\Downloads\ATM-Simulator-System-master\ATM-Simulator-System\build\classes;C:\Users\User\Downloads\mysql-connector-java-5.1.49\mysql-connector-java-5.1.49.jar
Launcher Type: SUN_STANDARD

[Global flags]
     intx CICompilerCount                          = 4                                         {product} {ergonomic}
     uint ConcGCThreads                            = 2                                         {product} {ergonomic}
     uint G1ConcRefinementThreads                  = 8                                         {product} {ergonomic}
   size_t G1HeapRegionSize                         = 1048576                                   {product} {ergonomic}
    uintx GCDrainStackTargetSize                   = 64                                        {product} {ergonomic}
   size_t InitialHeapSize                          = 134217728                                 {product} {ergonomic}
   size_t MarkStackSize                            = 4194304                                   {product} {ergonomic}
   size_t MaxHeapSize                              = 2118123520                                {product} {ergonomic}
   size_t MinHeapDeltaBytes                        = 1048576                                   {product} {ergonomic}
   size_t MinHeapSize                              = 8388608                                   {product} {ergonomic}
    uintx NonNMethodCodeHeapSize                   = 5839372                                {pd product} {ergonomic}
    uintx NonProfiledCodeHeapSize                  = 122909434                              {pd product} {ergonomic}
    uintx ProfiledCodeHeapSize                     = 122909434                              {pd product} {ergonomic}
    uintx ReservedCodeCacheSize                    = 251658240                              {pd product} {ergonomic}
     bool SegmentedCodeCache                       = true                                      {product} {ergonomic}
   size_t SoftMaxHeapSize                          = 2118123520                             {manageable} {ergonomic}
     bool UseCompressedClassPointers               = true                                 {lp64_product} {ergonomic}
     bool UseCompressedOops                        = true                                 {lp64_product} {ergonomic}
     bool UseG1GC                                  = true                                      {product} {ergonomic}
     bool UseLargePagesIndividualAllocation        = false                                  {pd product} {ergonomic}

Logging:
Log output configuration:
 #0: stdout all=warning uptime,level,tags
 #1: stderr all=off uptime,level,tags

Environment Variables:
JAVA_HOME=C:\Program Files\Java\jdk-14.0.2
PATH=C:/Program Files/Java/jdk-14.0.2/bin/server;C:/Program Files/Java/jdk-14.0.2/bin;C:\oraclexe\app\oracle\product\10.2.0\server\bin;C:\Program Files (x86)\VMware\VMware Player\bin;D:\app\User\product\11.2.0\dbhome_2\bin;C:\Windows\system32;C:\Windows;C:\Windows\System32\Wbem;C:\Windows\System32\WindowsPowerShell\v1.0\;C:\Windows\System32\OpenSSH\;C:\Program Files (x86)\NVIDIA Corporation\PhysX\Common;C:\Program Files\NVIDIA Corporation\NVIDIA NvDLISR;C:\WINDOWS\system32;C:\WINDOWS;C:\WINDOWS\System32\Wbem;C:\WINDOWS\System32\WindowsPowerShell\v1.0\;C:\WINDOWS\System32\OpenSSH\;C:\Users\User\Downloads\database\install\access\jdk\jre;C:\Program Files\Java\jdk-14.0.2\bin;C:\Users\User\AppData\Local\Programs\Python\Python38-32\Scripts\;C:\Users\User\AppData\Local\Programs\Python\Python38-32\;C:\Users\User\AppData\Local\Microsoft\WindowsApps;;C:\Program Files\JetBrains\PyCharm Community Edition 2020.1.3\bin;;C:\Users\User\Desktop;
USERNAME=User
OS=Windows_NT
PROCESSOR_IDENTIFIER=Intel64 Family 6 Model 158 Stepping 10, GenuineIntel



---------------  S Y S T E M  ---------------

OS: Windows 10 , 64 bit Build 19041 (10.0.19041.662)
OS uptime: 2 days 4:32 hours

CPU:total 8 (initial active 8) (4 cores per cpu, 2 threads per core) family 6 model 158 stepping 10, cmov, cx8, fxsr, mmx, sse, sse2, sse3, ssse3, sse4.1, sse4.2, popcnt, avx, avx2, aes, clmul, erms, 3dnowpref, lzcnt, ht, tsc, tscinvbit, bmi1, bmi2, adx, fma

Memory: 4k page, system-wide physical 8072M (572M free)
TotalPageFile size 30872M (AvailPageFile size 67M)
current process WorkingSet (physical memory assigned to process): 10M, peak: 10M
current process commit charge ("private bytes"): 60M, peak: 188M

vm_info: Java HotSpot(TM) 64-Bit Server VM (14.0.2+12-46) for windows-amd64 JRE (14.0.2+12-46), built on Jul  9 2020 00:35:52 by "mach5one" with MS VC++ 15.9 (VS2017)

END.
